Change Component Designator: Old Designator=C? New Designator=C39
Change Component Designator: Old Designator=C? New Designator=C40
Change Component Designator: Old Designator=C? New Designator=C41
Change Component Designator: Old Designator=C? New Designator=C42
Change Component Designator: Old Designator=C? New Designator=C43
Change Component Designator: Old Designator=C? New Designator=C44
Change Component Designator: Old Designator=D? New Designator=D4
Change Component Designator: Old Designator=D? New Designator=D5
Change Component Designator: Old Designator=D? New Designator=D6
Change Component Designator: Old Designator=D? New Designator=D7
Change Component Designator: Old Designator=D? New Designator=D8
Change Component Designator: Old Designator=D? New Designator=D9
Change Component Designator: Old Designator=H? New Designator=H17
Change Component Designator: Old Designator=H? New Designator=H18
Change Component Designator: Old Designator=H? New Designator=H19
Change Component Designator: Old Designator=H? New Designator=H20
Change Component Designator: Old Designator=H? New Designator=H21
Change Component Designator: Old Designator=H? New Designator=H22
Change Component Designator: Old Designator=LED? New Designator=LED7
Change Component Designator: Old Designator=LED? New Designator=LED8
Change Component Designator: Old Designator=LED? New Designator=LED9
Change Component Designator: Old Designator=LED? New Designator=LED10
Change Component Designator: Old Designator=LED? New Designator=LED11
Change Component Designator: Old Designator=LED? New Designator=LED12
Change Component Designator: Old Designator=R? New Designator=R32
Change Component Designator: Old Designator=R? New Designator=R33
Change Component Designator: Old Designator=R? New Designator=R34
Change Component Designator: Old Designator=R? New Designator=R35
Change Component Designator: Old Designator=R? New Designator=R36
Change Component Designator: Old Designator=R? New Designator=R37
Change Component Designator: Old Designator=R? New Designator=R38
Change Component Designator: Old Designator=R? New Designator=R39
Change Component Designator: Old Designator=R? New Designator=R40
Change Component Designator: Old Designator=R? New Designator=R41
Change Component Designator: Old Designator=R? New Designator=R42
Change Component Designator: Old Designator=R? New Designator=R43
Change Component Designator: Old Designator=R? New Designator=R44
Change Component Designator: Old Designator=R? New Designator=R45
Change Component Designator: Old Designator=R? New Designator=R46
Change Component Designator: Old Designator=R? New Designator=R47
Change Component Designator: Old Designator=R? New Designator=R48
Change Component Designator: Old Designator=R? New Designator=R49
Change Component Designator: Old Designator=R? New Designator=R50
Change Component Designator: Old Designator=R? New Designator=R51
Change Component Designator: Old Designator=R? New Designator=R52
Change Component Designator: Old Designator=R? New Designator=R53
Change Component Designator: Old Designator=R? New Designator=R54
Change Component Designator: Old Designator=R? New Designator=R55
Change Component Designator: Old Designator=R? New Designator=R56
Change Component Designator: Old Designator=R? New Designator=R57
Change Component Designator: Old Designator=R? New Designator=R58
Change Component Designator: Old Designator=R? New Designator=R59
Change Component Designator: Old Designator=R? New Designator=R60
Change Component Designator: Old Designator=R? New Designator=R61
Change Component Designator: Old Designator=RL? New Designator=RL1
Change Component Designator: Old Designator=RL? New Designator=RL2
Change Component Designator: Old Designator=RL? New Designator=RL3
Change Component Designator: Old Designator=RL? New Designator=RL4
Change Component Designator: Old Designator=RL? New Designator=RL5
Change Component Designator: Old Designator=RL? New Designator=RL6
Change Component Designator: Old Designator=T? New Designator=T1
Change Component Designator: Old Designator=T? New Designator=T2
Change Component Designator: Old Designator=T? New Designator=T3
Change Component Designator: Old Designator=T? New Designator=T4
Change Component Designator: Old Designator=T? New Designator=T5
Change Component Designator: Old Designator=T? New Designator=T6
Change Component Designator: Old Designator=U? New Designator=U12
Change Component Designator: Old Designator=U? New Designator=U13
Change Component Designator: Old Designator=U? New Designator=U14
Change Component Designator: Old Designator=U? New Designator=U15
Change Component Designator: Old Designator=U? New Designator=U16
Change Component Designator: Old Designator=U? New Designator=U17
