Removed Pin From Net: NetName=NetP3_1 Pin=R23-2
Removed Pin From Net: NetName=NetP3_2 Pin=R27-2
Removed Pin From Net: NetName=NetP3_3 Pin=R31-2
Removed Pin From Net: NetName=NetP3_4 Pin=R48-2
Removed Pin From Net: NetName=NetP3_1 Pin=U10-8
Removed Pin From Net: NetName=NetP3_2 Pin=U11-2
Removed Pin From Net: NetName=NetP3_3 Pin=U11-4
Removed Pin From Net: NetName=NetP3_4 Pin=U11-6
Removed Member From Class: ClassName=IoT_Board_ESP32 Member=H9
Added Component: Designator=H2(CON 3 EDG5.08-3P)
Add component (AddParameter): Name = "Chung_Loai"; Value = "C?m"; VariantName = "[No Variations]"
Add component (AddParameter): Name = "Don_Vi"; Value = "Con"; VariantName = "[No Variations]"
Add component (AddParameter): Name = "Ghi_Chu"; Value = ""; VariantName = "[No Variations]"
Add component (AddParameter): Name = "Kieu_Chan"; Value = ""; VariantName = "[No Variations]"
Add component (AddParameter): Name = "Ma_Hang"; Value = "MH001302"; VariantName = "[No Variations]"
Add component (AddParameter): Name = "Ten_Linh_Kien"; Value = "Header 3P XH2.54-3P Ð?c Cong"; VariantName = "[No Variations]"
Added Pin To Net: NetName=NetP3_1 Pin=R11-2
Added Pin To Net: NetName=NetP3_2 Pin=R15-2
Added Pin To Net: NetName=NetP3_3 Pin=R19-2
Added Pin To Net: NetName=NetP3_4 Pin=R23-2
Added Pin To Net: NetName=NetP3_1 Pin=U10-2
Added Pin To Net: NetName=NetP3_2 Pin=U10-4
Added Pin To Net: NetName=NetP3_3 Pin=U10-6
Added Pin To Net: NetName=NetP3_4 Pin=U10-8
Added Pin To Net: NetName=NetH2_1 Pin=H2-1
Added Pin To Net: NetName=NetH2_1 Pin=R27-2
Added Pin To Net: NetName=NetH2_1 Pin=U11-2
Added Net: Name=NetH2_1
Added Pin To Net: NetName=NetH2_2 Pin=H2-2
Added Pin To Net: NetName=NetH2_2 Pin=R31-2
Added Pin To Net: NetName=NetH2_2 Pin=U11-4
Added Net: Name=NetH2_2
Added Pin To Net: NetName=NetH2_3 Pin=H2-3
Added Pin To Net: NetName=NetH2_3 Pin=R48-2
Added Pin To Net: NetName=NetH2_3 Pin=U11-6
Added Net: Name=NetH2_3
Added Member To Class: ClassName=IoT_Board_ESP32 Member=Component H2 Header 3P
Added Room: Name=U_POWER
