Removed Pin From Net: NetName=DI7 Pin=C37-1
Removed Pin From Net: NetName=i_GND Pin=C37-2
Removed Pin From Net: NetName=DI6 Pin=C38-1
Removed Pin From Net: NetName=i_GND Pin=C38-2
Removed Pin From Net: NetName=DI5 Pin=C125-1
Removed Pin From Net: NetName=i_GND Pin=C125-2
Removed Pin From Net: NetName=DI7 Pin=L11-2
Removed Pin From Net: NetName=DI6 Pin=L12-2
Removed Pin From Net: NetName=DI5 Pin=L16-2
Removed Pin From Net: NetName=DI7 Pin=R24-1
Removed Pin From Net: NetName=3V3_RTC Pin=R24-2
Removed Pin From Net: NetName=3V3_RTC Pin=R26-2
Removed Pin From Net: NetName=DI6 Pin=R28-1
Removed Pin From Net: NetName=3V3_RTC Pin=R28-2
Removed Pin From Net: NetName=3V3_RTC Pin=R30-2
Removed Pin From Net: NetName=DI5 Pin=R42-1
Removed Pin From Net: NetName=3V3_RTC Pin=R42-2
Removed Pin From Net: NetName=3V3_RTC Pin=R44-2
Removed Pin From Net: NetName=DI5 Pin=U11-12
Removed Pin From Net: NetName=DI6 Pin=U11-14
Removed Pin From Net: NetName=i_GND Pin=U11-15
Removed Pin From Net: NetName=DI7 Pin=U11-16
Removed Member From Class: ClassName=U_DI Member=C37
Removed Member From Class: ClassName=U_DI Member=C38
Removed Member From Class: ClassName=U_DI Member=C125
Removed Member From Class: ClassName=U_DI Member=L11
Removed Member From Class: ClassName=U_DI Member=L12
Removed Member From Class: ClassName=U_DI Member=L16
Removed Member From Class: ClassName=U_DI Member=R24
Removed Member From Class: ClassName=U_DI Member=R26
Removed Member From Class: ClassName=U_DI Member=R28
Removed Member From Class: ClassName=U_DI Member=R30
Removed Member From Class: ClassName=U_DI Member=R42
Removed Member From Class: ClassName=U_DI Member=R44
Added Component: Designator=C?(0603_Cap)
Add component (AddParameter): Name = "Chung_Loai"; Value = "Dán"; VariantName = "[No Variations]"
Add component (AddParameter): Name = "Don_Vi"; Value = "Con"; VariantName = "[No Variations]"
Add component (AddParameter): Name = "Kieu_Chan"; Value = ""; VariantName = "[No Variations]"
Add component (AddParameter): Name = "Ma_Hang"; Value = "MH004551"; VariantName = "[No Variations]"
Add component (AddParameter): Name = "So_Chan"; Value = "2"; VariantName = "[No Variations]"
Add component (AddParameter): Name = "Ten_Linh_Kien"; Value = "T? 0805 104-100nF 10% 50V"; VariantName = "[No Variations]"
Added Component: Designator=C?(0603_Cap)
Add component (AddParameter): Name = "Chung_Loai"; Value = "Dán"; VariantName = "[No Variations]"
Add component (AddParameter): Name = "Don_Vi"; Value = "Con"; VariantName = "[No Variations]"
Add component (AddParameter): Name = "Kieu_Chan"; Value = ""; VariantName = "[No Variations]"
Add component (AddParameter): Name = "Ma_Hang"; Value = "MH004551"; VariantName = "[No Variations]"
Add component (AddParameter): Name = "So_Chan"; Value = "2"; VariantName = "[No Variations]"
Add component (AddParameter): Name = "Ten_Linh_Kien"; Value = "T? 0805 104-100nF 10% 50V"; VariantName = "[No Variations]"
Added Component: Designator=C?(0603_Cap)
Add component (AddParameter): Name = "Chung_Loai"; Value = "Dán"; VariantName = "[No Variations]"
Add component (AddParameter): Name = "Don_Vi"; Value = "Con"; VariantName = "[No Variations]"
Add component (AddParameter): Name = "Kieu_Chan"; Value = ""; VariantName = "[No Variations]"
Add component (AddParameter): Name = "Ma_Hang"; Value = "MH004551"; VariantName = "[No Variations]"
Add component (AddParameter): Name = "So_Chan"; Value = "2"; VariantName = "[No Variations]"
Add component (AddParameter): Name = "Ten_Linh_Kien"; Value = "T? 0805 104-100nF 10% 50V"; VariantName = "[No Variations]"
Added Component: Designator=L?(LED-1206-Red)
Add component (AddParameter): Name = "Chung_Loai"; Value = "Dán"; VariantName = "[No Variations]"
Add component (AddParameter): Name = "Don_Vi"; Value = "Con"; VariantName = "[No Variations]"
Add component (AddParameter): Name = "Ghi_Chu"; Value = ""; VariantName = "[No Variations]"
Add component (AddParameter): Name = "Kieu_Chan"; Value = ""; VariantName = "[No Variations]"
Add component (AddParameter): Name = "Ma_Hang"; Value = "MH002334"; VariantName = "[No Variations]"
Add component (AddParameter): Name = "Ten_Linh_Kien"; Value = "LED1206 Màu Ð? (Red)"; VariantName = "[No Variations]"
Added Component: Designator=L?(LED-1206-Red)
Add component (AddParameter): Name = "Chung_Loai"; Value = "Dán"; VariantName = "[No Variations]"
Add component (AddParameter): Name = "Don_Vi"; Value = "Con"; VariantName = "[No Variations]"
Add component (AddParameter): Name = "Ghi_Chu"; Value = ""; VariantName = "[No Variations]"
Add component (AddParameter): Name = "Kieu_Chan"; Value = ""; VariantName = "[No Variations]"
Add component (AddParameter): Name = "Ma_Hang"; Value = "MH002334"; VariantName = "[No Variations]"
Add component (AddParameter): Name = "Ten_Linh_Kien"; Value = "LED1206 Màu Ð? (Red)"; VariantName = "[No Variations]"
Added Component: Designator=L?(LED-1206-Red)
Add component (AddParameter): Name = "Chung_Loai"; Value = "Dán"; VariantName = "[No Variations]"
Add component (AddParameter): Name = "Don_Vi"; Value = "Con"; VariantName = "[No Variations]"
Add component (AddParameter): Name = "Ghi_Chu"; Value = ""; VariantName = "[No Variations]"
Add component (AddParameter): Name = "Kieu_Chan"; Value = ""; VariantName = "[No Variations]"
Add component (AddParameter): Name = "Ma_Hang"; Value = "MH002334"; VariantName = "[No Variations]"
Add component (AddParameter): Name = "Ten_Linh_Kien"; Value = "LED1206 Màu Ð? (Red)"; VariantName = "[No Variations]"
Added Component: Designator=R?(0603_Res)
Add component (AddParameter): Name = "Chung_Loai"; Value = "Dán"; VariantName = "[No Variations]"
Add component (AddParameter): Name = "Don_Vi"; Value = "Con"; VariantName = "[No Variations]"
Add component (AddParameter): Name = "Kieu_Chan"; Value = ""; VariantName = "[No Variations]"
Add component (AddParameter): Name = "Ma_Hang"; Value = "MH005468"; VariantName = "[No Variations]"
Add component (AddParameter): Name = "So_Chan"; Value = "2"; VariantName = "[No Variations]"
Add component (AddParameter): Name = "Ten_Linh_Kien"; Value = "Tr? 0805 1% 1k"; VariantName = "[No Variations]"
Added Component: Designator=R?(0603_Res)
Add component (AddParameter): Name = "Chung_Loai"; Value = "Dán"; VariantName = "[No Variations]"
Add component (AddParameter): Name = "Don_Vi"; Value = "Con"; VariantName = "[No Variations]"
Add component (AddParameter): Name = "Kieu_Chan"; Value = ""; VariantName = "[No Variations]"
Add component (AddParameter): Name = "Ma_Hang"; Value = "MH005468"; VariantName = "[No Variations]"
Add component (AddParameter): Name = "So_Chan"; Value = "2"; VariantName = "[No Variations]"
Add component (AddParameter): Name = "Ten_Linh_Kien"; Value = "Tr? 0805 1% 1k"; VariantName = "[No Variations]"
Added Component: Designator=R?(0603_Res)
Add component (AddParameter): Name = "Chung_Loai"; Value = "Dán"; VariantName = "[No Variations]"
Add component (AddParameter): Name = "Don_Vi"; Value = "Con"; VariantName = "[No Variations]"
Add component (AddParameter): Name = "Kieu_Chan"; Value = ""; VariantName = "[No Variations]"
Add component (AddParameter): Name = "Ma_Hang"; Value = "MH005468"; VariantName = "[No Variations]"
Add component (AddParameter): Name = "So_Chan"; Value = "2"; VariantName = "[No Variations]"
Add component (AddParameter): Name = "Ten_Linh_Kien"; Value = "Tr? 0805 1% 1k"; VariantName = "[No Variations]"
Added Component: Designator=R?(0603_Res)
Add component (AddParameter): Name = "Chung_Loai"; Value = "Dán"; VariantName = "[No Variations]"
Add component (AddParameter): Name = "Don_Vi"; Value = "Con"; VariantName = "[No Variations]"
Add component (AddParameter): Name = "Kieu_Chan"; Value = ""; VariantName = "[No Variations]"
Add component (AddParameter): Name = "Ma_Hang"; Value = "MH005468"; VariantName = "[No Variations]"
Add component (AddParameter): Name = "So_Chan"; Value = "2"; VariantName = "[No Variations]"
Add component (AddParameter): Name = "Ten_Linh_Kien"; Value = "Tr? 0805 1% 1k"; VariantName = "[No Variations]"
Added Component: Designator=R?(0603_Res)
Add component (AddParameter): Name = "Chung_Loai"; Value = "Dán"; VariantName = "[No Variations]"
Add component (AddParameter): Name = "Don_Vi"; Value = "Con"; VariantName = "[No Variations]"
Add component (AddParameter): Name = "Kieu_Chan"; Value = ""; VariantName = "[No Variations]"
Add component (AddParameter): Name = "Ma_Hang"; Value = "MH005468"; VariantName = "[No Variations]"
Add component (AddParameter): Name = "So_Chan"; Value = "2"; VariantName = "[No Variations]"
Add component (AddParameter): Name = "Ten_Linh_Kien"; Value = "Tr? 0805 1% 1k"; VariantName = "[No Variations]"
Added Component: Designator=R?(0603_Res)
Add component (AddParameter): Name = "Chung_Loai"; Value = "Dán"; VariantName = "[No Variations]"
Add component (AddParameter): Name = "Don_Vi"; Value = "Con"; VariantName = "[No Variations]"
Add component (AddParameter): Name = "Kieu_Chan"; Value = ""; VariantName = "[No Variations]"
Add component (AddParameter): Name = "Ma_Hang"; Value = "MH005468"; VariantName = "[No Variations]"
Add component (AddParameter): Name = "So_Chan"; Value = "2"; VariantName = "[No Variations]"
Add component (AddParameter): Name = "Ten_Linh_Kien"; Value = "Tr? 0805 1% 1k"; VariantName = "[No Variations]"
Added Pin To Net: NetName=DI5 Pin=C?-1
Added Pin To Net: NetName=DI6 Pin=C?-1
Added Pin To Net: NetName=DI7 Pin=C?-1
Added Pin To Net: NetName=i_GND Pin=C?-2
Added Pin To Net: NetName=i_GND Pin=C?-2
Added Pin To Net: NetName=i_GND Pin=C?-2
Added Pin To Net: NetName=DI5 Pin=L?-2
Added Pin To Net: NetName=DI6 Pin=L?-2
Added Pin To Net: NetName=DI7 Pin=L?-2
Added Pin To Net: NetName=DI5 Pin=R?-1
Added Pin To Net: NetName=DI6 Pin=R?-1
Added Pin To Net: NetName=DI7 Pin=R?-1
Added Pin To Net: NetName=3V3_RTC Pin=R?-2
Added Pin To Net: NetName=3V3_RTC Pin=R?-2
Added Pin To Net: NetName=3V3_RTC Pin=R?-2
Added Pin To Net: NetName=3V3_RTC Pin=R?-2
Added Pin To Net: NetName=3V3_RTC Pin=R?-2
Added Pin To Net: NetName=3V3_RTC Pin=R?-2
Added Pin To Net: NetName=i_GND Pin=U11-9
Added Pin To Net: NetName=DI6 Pin=U11-12
Added Pin To Net: NetName=i_GND Pin=U11-13
Added Pin To Net: NetName=DI7 Pin=U11-14
Added Pin To Net: NetName=NetL?_1 Pin=L?-1
Added Pin To Net: NetName=NetL?_1 Pin=R?-1
Added Net: Name=NetL?_1
Added Member To Class: ClassName=U_DI Member=Component C? 104
Added Member To Class: ClassName=U_DI Member=Component C? 104
Added Member To Class: ClassName=U_DI Member=Component C? 104
Added Member To Class: ClassName=U_DI Member=Component L? LED 0805
Added Member To Class: ClassName=U_DI Member=Component L? LED 0805
Added Member To Class: ClassName=U_DI Member=Component L? LED 0805
Added Member To Class: ClassName=U_DI Member=Component R? 4k7
Added Member To Class: ClassName=U_DI Member=Component R? 4k7
Added Member To Class: ClassName=U_DI Member=Component R? 4k7
Added Member To Class: ClassName=U_DI Member=Component R? 4k7
Added Member To Class: ClassName=U_DI Member=Component R? 4k7
Added Member To Class: ClassName=U_DI Member=Component R? 4k7
