Change Component Designator: OldDesignator=C? NewDesignator=C9
Change Component Designator: OldDesignator=C? NewDesignator=C12
Change Component Designator: OldDesignator=C? NewDesignator=C37
Change Component Designator: OldDesignator=L? NewDesignator=L11
Change Component Designator: OldDesignator=L? NewDesignator=L12
Change Component Designator: OldDesignator=L? NewDesignator=L16
Change Component Designator: OldDesignator=R? NewDesignator=R24
Change Component Designator: OldDesignator=R? NewDesignator=R26
Change Component Designator: OldDesignator=R? NewDesignator=R28
Change Component Designator: OldDesignator=R? NewDesignator=R30
Change Component Designator: OldDesignator=R? NewDesignator=R42
Change Component Designator: OldDesignator=R? NewDesignator=R44
Added Pin To Net: NetName=DI5 Pin=U11-10
Change Net Name : Old Net Name=NetL?_1 New Net Name=NetL12_1
Added Pin To Net: NetName=NetL11_1 Pin=L11-1
Added Pin To Net: NetName=NetL11_1 Pin=R26-1
Added Net: Name=NetL11_1
Added Pin To Net: NetName=NetL16_1 Pin=L16-1
Added Pin To Net: NetName=NetL16_1 Pin=R44-1
Added Net: Name=NetL16_1
Added Member To Class: ClassName=U_DI Member=Component C9 104
Added Member To Class: ClassName=U_DI Member=Component C37 104
Added Member To Class: ClassName=U_DI Member=Component L12 LED 0805
Added Member To Class: ClassName=U_DI Member=Component L16 LED 0805
Added Member To Class: ClassName=U_DI Member=Component R24 4k7
Added Member To Class: ClassName=U_DI Member=Component R26 4k7
Added Member To Class: ClassName=U_DI Member=Component R28 4k7
Added Member To Class: ClassName=U_DI Member=Component R30 4k7
Added Member To Class: ClassName=U_DI Member=Component R42 4k7
