Removed Pin From Net: NetName=GND Pin=BT1-1
Removed Pin From Net: NetName=NetBT1_2 Pin=BT1-2
Removed Pin From Net: NetName=GND Pin=BT1-3
Removed Pin From Net: NetName=NetBT1_2 Pin=BT1-4
Removed Pin From Net: NetName=EN Pin=BT3-1
Removed Pin From Net: NetName=GND Pin=BT3-2
Removed Pin From Net: NetName=EN Pin=BT3-3
Removed Pin From Net: NetName=GND Pin=BT3-4
Removed Pin From Net: NetName=IO00 Pin=BT4-1
Removed Pin From Net: NetName=GND Pin=BT4-2
Removed Pin From Net: NetName=IO00 Pin=BT4-3
Removed Pin From Net: NetName=GND Pin=BT4-4
Removed Pin From Net: NetName=GND Pin=C87-2
Removed Pin From Net: NetName=3V3_MCU_ESP Pin=C112-1
Removed Pin From Net: NetName=5V Pin=C113-1
Removed Pin From Net: NetName=GND Pin=C114-1
Removed Pin From Net: NetName=5V Pin=D1-2
Removed Pin From Net: NetName=24V Pin=D14-1
Removed Pin From Net: NetName=24V Pin=D15-1
Removed Pin From Net: NetName=24V Pin=D16-1
Removed Pin From Net: NetName=NetD13_2 Pin=H25-3
Removed Pin From Net: NetName=NetC96_1 Pin=H26-1
Removed Pin From Net: NetName=NetC91_2 Pin=H26-2
Removed Pin From Net: NetName=AGND Pin=H27-1
Removed Pin From Net: NetName=NetC109_1 Pin=H27-2
Removed Pin From Net: NetName=AGND Pin=H27-3
Removed Pin From Net: NetName=NetC104_1 Pin=H27-4
Removed Pin From Net: NetName=AIN8 Pin=H28-1
Removed Pin From Net: NetName=AIN7 Pin=H28-2
Removed Pin From Net: NetName=AIN6 Pin=H28-3
Removed Pin From Net: NetName=AIN5 Pin=H28-4
Removed Pin From Net: NetName=GND Pin=J1-A1
Removed Pin From Net: NetName=USBP Pin=J1-A6
Removed Pin From Net: NetName=USBN Pin=J1-A7
Removed Pin From Net: NetName=GND Pin=J1-A12
Removed Pin From Net: NetName=GND Pin=J1-B1
Removed Pin From Net: NetName=USBP Pin=J1-B6
Removed Pin From Net: NetName=USBN Pin=J1-B7
Removed Pin From Net: NetName=GND Pin=J1-B12
Removed Pin From Net: NetName=GND Pin=J1-S1
Removed Pin From Net: NetName=GND Pin=J1-S2
Removed Pin From Net: NetName=GND Pin=J1-S3
Removed Pin From Net: NetName=GND Pin=J1-S4
Removed Pin From Net: NetName=GND Pin=JP2-1
Removed Pin From Net: NetName=5V Pin=JP2-2
Removed Pin From Net: NetName=I2C2_SDA_STM Pin=JP2-3
Removed Pin From Net: NetName=I2C2_SCL_STM Pin=JP2-4
Removed Pin From Net: NetName=PA0 Pin=JP5-1
Removed Pin From Net: NetName=PA1 Pin=JP5-2
Removed Pin From Net: NetName=SPI_SCK Pin=JP5-3
Removed Pin From Net: NetName=SPI_MOSI Pin=JP5-4
Removed Pin From Net: NetName=SPI_MISO Pin=JP5-5
Removed Pin From Net: NetName=GND Pin=JP5-6
Removed Pin From Net: NetName=3V3_MCU_STM Pin=JP5-7
Removed Pin From Net: NetName=I2C_SCL_ESP Pin=JP6-1
Removed Pin From Net: NetName=I2C_SDA_ESP Pin=JP6-2
Removed Pin From Net: NetName=5V Pin=JP6-3
Removed Pin From Net: NetName=GND Pin=JP6-4
Removed Pin From Net: NetName=NetD13_2 Pin=Q10-1
Removed Pin From Net: NetName=24V Pin=Q13-3
Removed Pin From Net: NetName=i_GND Pin=R38-1
Removed Pin From Net: NetName=i_GND Pin=R39-1
Removed Pin From Net: NetName=i_GND Pin=R40-1
Removed Pin From Net: NetName=i_GND Pin=R41-1
Removed Pin From Net: NetName=i_GND Pin=R50-1
Removed Pin From Net: NetName=i_GND Pin=R51-1
Removed Pin From Net: NetName=NetL19_1 Pin=R96-1
Removed Pin From Net: NetName=NetQ10_2 Pin=R97-2
Removed Pin From Net: NetName=NetL20_1 Pin=R98-1
Removed Pin From Net: NetName=NetQ11_2 Pin=R99-2
Removed Pin From Net: NetName=NetD13_2 Pin=R101-2
Removed Pin From Net: NetName=NetL21_1 Pin=R106-1
Removed Pin From Net: NetName=NetQ12_2 Pin=R107-2
Removed Pin From Net: NetName=NetL22_1 Pin=R108-1
Removed Pin From Net: NetName=i_GND Pin=R110-1
Removed Pin From Net: NetName=i_GND Pin=R111-1
Removed Pin From Net: NetName=i_GND Pin=R112-1
Removed Pin From Net: NetName=i_GND Pin=R113-1
Removed Pin From Net: NetName=GND Pin=R141-1
Removed Pin From Net: NetName=GND Pin=R142-1
Removed Pin From Net: NetName=USBN Pin=TVS6-2
Removed Pin From Net: NetName=USBP Pin=TVS9-2
Removed Pin From Net: NetName=DO8 Pin=U1-34
Removed Pin From Net: NetName=DO9 Pin=U1-35
Removed Pin From Net: NetName=NetR94_2 Pin=U24-1
Removed Pin From Net: NetName=NetR97_1 Pin=U24-3
Removed Pin From Net: NetName=NetR95_2 Pin=U25-1
Removed Pin From Net: NetName=GND Pin=U25-2
Removed Pin From Net: NetName=NetR99_1 Pin=U25-3
Removed Pin From Net: NetName=24V Pin=U25-4
Removed Pin From Net: NetName=GND Pin=U26-2
Removed Pin From Net: NetName=24V Pin=U26-4
Removed Pin From Net: NetName=GND Pin=U27-2
Removed Pin From Net: NetName=24V Pin=U27-4
Removed Pin From Net: NetName=GND Pin=U-2
Removed Pin From Net: NetName=USBP Pin=U-3
Removed Pin From Net: NetName=USBN Pin=U-4
Removed Pin From Net: NetName=3V3_MCU_ESP Pin=U-5
Removed Pin From Net: NetName=5V Pin=U-6
Removed Pin From Net: NetName=5V Pin=U-8
Removed Pin From Net: NetName=RTS Pin=U-19
Removed Pin From Net: NetName=UART0_TX_ESP32 Pin=U-20
Removed Pin From Net: NetName=UART0_RX_ESP32 Pin=U-21
Removed Pin From Net: NetName=DTR Pin=U-23
Removed Pin From Net: NetName=GND Pin=U-25
Removed Pin From Net: NetName=NetD2_1 Pin=USB1-1
Removed Pin From Net: NetName=USB_N_ESP Pin=USB1-2
Removed Pin From Net: NetName=USB_P_ESP Pin=USB1-3
Removed Pin From Net: NetName=GND Pin=USB1-4
Removed Pin From Net: NetName=GND Pin=USB1-4
Removed Pin From Net: NetName=GND Pin=USB1-4
Removed Member From Class: ClassName=IoT_Board_ESP32 Member=BT1
Removed Member From Class: ClassName=U_USB Member=BT3
Removed Member From Class: ClassName=U_USB Member=BT4
Removed Member From Class: ClassName=U_DO Member=C87
Removed Member From Class: ClassName=U_DO Member=C88
Removed Member From Class: ClassName=U_USB Member=C114
Removed Member From Class: ClassName=U_USB Member=D1
Removed Member From Class: ClassName=U_DO Member=D14
Removed Member From Class: ClassName=U_DO Member=D15
Removed Member From Class: ClassName=U_DO Member=D16
Removed Member From Class: ClassName=IoT_Board_ESP32 Member=H26
Removed Member From Class: ClassName=IoT_Board_ESP32 Member=H27
Removed Member From Class: ClassName=IoT_Board_ESP32 Member=H28
Removed Member From Class: ClassName=U_USB Member=J1
Removed Member From Class: ClassName=IoT_Board_ESP32 Member=JP2
Removed Member From Class: ClassName=IoT_Board_ESP32 Member=JP5
Removed Member From Class: ClassName=IoT_Board_ESP32 Member=JP6
Removed Member From Class: ClassName=U_DO Member=Q13
Removed Member From Class: ClassName=U_DO Member=R104
Removed Member From Class: ClassName=U_DO Member=R105
Removed Member From Class: ClassName=U_DO Member=R106
Removed Member From Class: ClassName=U_DO Member=R107
Removed Member From Class: ClassName=U_DO Member=R108
Removed Member From Class: ClassName=U_DO Member=R109
Removed Member From Class: ClassName=U_DO Member=R110
Removed Member From Class: ClassName=U_DO Member=R111
Removed Member From Class: ClassName=U_DO Member=R112
Removed Member From Class: ClassName=U_DO Member=R113
Removed Member From Class: ClassName=U_USB Member=R141
Removed Member From Class: ClassName=U_USB Member=R142
Removed Member From Class: ClassName=U_DO Member=U25
Removed Member From Class: ClassName=U_DO Member=U26
Removed Member From Class: ClassName=U_DO Member=U27
Removed Member From Class: ClassName=U_USB Member=U
Change Component Footprint: Designator=D1 Old Footprint=DIO-SMD-106 New Footprint=SMA - DO-214AC
Change Component Footprint: Designator=D14 Old Footprint=SMA - DO-214AC New Footprint=DIO-SMD-106
Change Component Footprint: Designator=U25 Old Footprint=SSOP-4 New Footprint=SOIC127P600X180-16N
Change Component Footprint: Designator=USB1 Old Footprint=USB A CN DIP New Footprint=USB-M1
Change Component Comment : Designator=R34 Old Comment=1k New Comment=510
Change Component Comment : Designator=R37 Old Comment=1k New Comment=510
Change Component Comment : Designator=R47 Old Comment=1k New Comment=510
Change Component Comment : Designator=R55 Old Comment=1k New Comment=510
Change Component Comment : Designator=R57 Old Comment=1k New Comment=510
Change Component Comment : Designator=D14 Old Comment=1N4007 New Comment=SS24
Change Component Comment : Designator=R71 Old Comment=2k2 New Comment=10k
Change Component Comment : Designator=R140 Old Comment=2k2 New Comment=10k
Change Component Comment : Designator=R40 Old Comment=4k7 New Comment=1k
Change Component Comment : Designator=R41 Old Comment=4k7 New Comment=1k
Change Component Comment : Designator=R50 Old Comment=4k7 New Comment=1k
Change Component Comment : Designator=R51 Old Comment=4k7 New Comment=1k
Change Component Comment : Designator=R38 Old Comment=4k7 New Comment=100
Change Component Comment : Designator=R39 Old Comment=4k7 New Comment=100
Change Component Comment : Designator=U25 Old Comment=EL3H7-G New Comment=CH340G
Change Component Comment : Designator=JP1 Old Comment=LCD New Comment=JP 1x4 2.54
Change Component Comment : Designator=D1 Old Comment=SS24 New Comment=1N4007
Change Component Comment : Designator=USB1 Old Comment=USB A CN DIP New Comment=USB_M
Change component parameters: Designator = "USB1" ("USB1"); Footprint = "USB A CN DIP"; UniqueID = "\JTHZAWQZ\HWABKLNA" ("\JTHZAWQZ\HWABKLNA")
Change component parameters: Designator = "U25" ("U25"); Footprint = "SSOP-4"; UniqueID = "\JTHZAWQZ\VYLBXNSA" ("\JTHZAWQZ\VYLBXNSA")
Change component parameters (AddParameter): Name = "Availability"; Value = "Not in stock"; VariantName = "[No Variations]"
Change component parameters (AddParameter): Name = "Check_prices"; Value = "https://www.snapeda.com/parts/Ch340G/WCH/view-part/?ref=eda"; VariantName = "[No Variations]"
Change component parameters (AddParameter): Name = "MF"; Value = "WCH"; VariantName = "[No Variations]"
Change component parameters (AddParameter): Name = "MP"; Value = "Ch340G"; VariantName = "[No Variations]"
Change component parameters (AddParameter): Name = "Package"; Value = "None"; VariantName = "[No Variations]"
Change component parameters (AddParameter): Name = "Price"; Value = "None"; VariantName = "[No Variations]"
Change component parameters (AddParameter): Name = "SnapEDA_Link"; Value = "https://www.snapeda.com/parts/Ch340G/WCH/view-part/?ref=snap"; VariantName = "[No Variations]"
Change component parameters (AddParameter): Name = "Value"; Value = ""; VariantName = "[No Variations]"
Change component parameters: Designator = "D1" ("D1"); Footprint = "DIO-SMD-106"; UniqueID = "\DJGNVSIG\ODVVMSSY" ("\DJGNVSIG\ODVVMSSY")
Change component parameters (AddParameter): Name = "Chung_Loai"; Value = "Dán"; VariantName = "[No Variations]"
Change component parameters (AddParameter): Name = "Don_Vi"; Value = "Con"; VariantName = "[No Variations]"
Change component parameters (AddParameter): Name = "Ghi_Chu"; Value = ""; VariantName = "[No Variations]"
Change component parameters (AddParameter): Name = "Kieu_Chan"; Value = ""; VariantName = "[No Variations]"
Change component parameters (AddParameter): Name = "Ma_Hang"; Value = "MH005519"; VariantName = "[No Variations]"
Change component parameters (AddParameter): Name = "Ten_Linh_Kien"; Value = "Diode S4 SOD123 ( 1N5819 SOD123)"; VariantName = "[No Variations]"
Change component parameters: Designator = "D14" ("D14"); Footprint = "SMA - DO-214AC"; UniqueID = "\JTHZAWQZ\WBXLXKFD" ("\JTHZAWQZ\WBXLXKFD")
Change component parameters (AddParameter): Name = "Part Number"; Value = "LED 3 ly Single Colour"; VariantName = "[No Variations]"
Change component parameters (AddParameter): Name = "Pricing"; Value = ""; VariantName = "[No Variations]"
Added Component: Designator=C38(1206_CAP)
Added Component: Designator=C74(0603_Cap)
Add component (AddParameter): Name = "Chung_Loai"; Value = "Dán"; VariantName = "[No Variations]"
Add component (AddParameter): Name = "Don_Vi"; Value = "Con"; VariantName = "[No Variations]"
Add component (AddParameter): Name = "Kieu_Chan"; Value = ""; VariantName = "[No Variations]"
Add component (AddParameter): Name = "Ma_Hang"; Value = "MH004551"; VariantName = "[No Variations]"
Add component (AddParameter): Name = "So_Chan"; Value = "2"; VariantName = "[No Variations]"
Add component (AddParameter): Name = "Ten_Linh_Kien"; Value = "T? 0805 104-100nF 10% 50V"; VariantName = "[No Variations]"
Added Component: Designator=C75(0603_Cap)
Add component (AddParameter): Name = "Chung_Loai"; Value = "Dán"; VariantName = "[No Variations]"
Add component (AddParameter): Name = "Don_Vi"; Value = "Con"; VariantName = "[No Variations]"
Add component (AddParameter): Name = "Kieu_Chan"; Value = ""; VariantName = "[No Variations]"
Add component (AddParameter): Name = "Ma_Hang"; Value = "MH004551"; VariantName = "[No Variations]"
Add component (AddParameter): Name = "So_Chan"; Value = "2"; VariantName = "[No Variations]"
Add component (AddParameter): Name = "Ten_Linh_Kien"; Value = "T? 0805 104-100nF 10% 50V"; VariantName = "[No Variations]"
Added Component: Designator=C76(0603_Cap)
Add component (AddParameter): Name = "Chung_Loai"; Value = "Dán"; VariantName = "[No Variations]"
Add component (AddParameter): Name = "Don_Vi"; Value = "Con"; VariantName = "[No Variations]"
Add component (AddParameter): Name = "Kieu_Chan"; Value = ""; VariantName = "[No Variations]"
Add component (AddParameter): Name = "Ma_Hang"; Value = "MH004551"; VariantName = "[No Variations]"
Add component (AddParameter): Name = "So_Chan"; Value = "2"; VariantName = "[No Variations]"
Add component (AddParameter): Name = "Ten_Linh_Kien"; Value = "T? 0805 104-100nF 10% 50V"; VariantName = "[No Variations]"
Added Component: Designator=D6(SMA - DO-214AC)
Add component (AddParameter): Name = "Chung_Loai"; Value = "Dán"; VariantName = "[No Variations]"
Add component (AddParameter): Name = "Don_Vi"; Value = "Con"; VariantName = "[No Variations]"
Add component (AddParameter): Name = "Ghi_Chu"; Value = ""; VariantName = "[No Variations]"
Add component (AddParameter): Name = "Kieu_Chan"; Value = ""; VariantName = "[No Variations]"
Add component (AddParameter): Name = "Ma_Hang"; Value = "MH005519"; VariantName = "[No Variations]"
Add component (AddParameter): Name = "Ten_Linh_Kien"; Value = "Diode S4 SOD123 ( 1N5819 SOD123)"; VariantName = "[No Variations]"
Added Component: Designator=D12(SMA - DO-214AC)
Add component (AddParameter): Name = "Chung_Loai"; Value = "Dán"; VariantName = "[No Variations]"
Add component (AddParameter): Name = "Don_Vi"; Value = "Con"; VariantName = "[No Variations]"
Add component (AddParameter): Name = "Ghi_Chu"; Value = ""; VariantName = "[No Variations]"
Add component (AddParameter): Name = "Kieu_Chan"; Value = ""; VariantName = "[No Variations]"
Add component (AddParameter): Name = "Ma_Hang"; Value = "MH005519"; VariantName = "[No Variations]"
Add component (AddParameter): Name = "Ten_Linh_Kien"; Value = "Diode S4 SOD123 ( 1N5819 SOD123)"; VariantName = "[No Variations]"
Added Component: Designator=H4(XH2.54M-8)
Add component (AddParameter): Name = "Chung_Loai"; Value = "C?m"; VariantName = "[No Variations]"
Add component (AddParameter): Name = "Don_Vi"; Value = "Con"; VariantName = "[No Variations]"
Add component (AddParameter): Name = "Ghi_Chu"; Value = ""; VariantName = "[No Variations]"
Add component (AddParameter): Name = "Kieu_Chan"; Value = ""; VariantName = "[No Variations]"
Add component (AddParameter): Name = "Ma_Hang"; Value = "MH003366"; VariantName = "[No Variations]"
Add component (AddParameter): Name = "Ten_Linh_Kien"; Value = "Header 8P XH2.54-8P Ð?c Th?ng"; VariantName = "[No Variations]"
Added Component: Designator=H5(XH2.54M-4)
Add component (AddParameter): Name = "Chung_Loai"; Value = "C?m"; VariantName = "[No Variations]"
Add component (AddParameter): Name = "Don_Vi"; Value = "Con"; VariantName = "[No Variations]"
Add component (AddParameter): Name = "Ghi_Chu"; Value = ""; VariantName = "[No Variations]"
Add component (AddParameter): Name = "Kieu_Chan"; Value = ""; VariantName = "[No Variations]"
Add component (AddParameter): Name = "Ma_Hang"; Value = "MH001285"; VariantName = "[No Variations]"
Add component (AddParameter): Name = "Ten_Linh_Kien"; Value = "Header 4P XH2.54-4P Ð?c Th?ng"; VariantName = "[No Variations]"
Added Component: Designator=P4(HT508R-10P)
Added Component: Designator=Q7(SOT23-231)
Add component (AddParameter): Name = "Value"; Value = "C1815"; VariantName = "[No Variations]"
Added Component: Designator=S1(BUTTON-SMD 2PIN)
Add component (AddParameter): Name = "LatestRevisionDate"; Value = "17-Jul-2002"; VariantName = "[No Variations]"
Add component (AddParameter): Name = "LatestRevisionNote"; Value = "Re-released for DXP Platform."; VariantName = "[No Variations]"
Add component (AddParameter): Name = "PackageReference"; Value = "SPST-2"; VariantName = "[No Variations]"
Add component (AddParameter): Name = "Published"; Value = "24-Mar-1999"; VariantName = "[No Variations]"
Add component (AddParameter): Name = "Publisher"; Value = "Altium Limited"; VariantName = "[No Variations]"
Added Component: Designator=S2(BUTTON-SMD 2PIN)
Add component (AddParameter): Name = "LatestRevisionDate"; Value = "17-Jul-2002"; VariantName = "[No Variations]"
Add component (AddParameter): Name = "LatestRevisionNote"; Value = "Re-released for DXP Platform."; VariantName = "[No Variations]"
Add component (AddParameter): Name = "PackageReference"; Value = "SPST-2"; VariantName = "[No Variations]"
Add component (AddParameter): Name = "Published"; Value = "24-Mar-1999"; VariantName = "[No Variations]"
Add component (AddParameter): Name = "Publisher"; Value = "Altium Limited"; VariantName = "[No Variations]"
Added Component: Designator=S3(BUTTON-SMD 2PIN)
Add component (AddParameter): Name = "LatestRevisionDate"; Value = "17-Jul-2002"; VariantName = "[No Variations]"
Add component (AddParameter): Name = "LatestRevisionNote"; Value = "Re-released for DXP Platform."; VariantName = "[No Variations]"
Add component (AddParameter): Name = "PackageReference"; Value = "SPST-2"; VariantName = "[No Variations]"
Add component (AddParameter): Name = "Published"; Value = "24-Mar-1999"; VariantName = "[No Variations]"
Add component (AddParameter): Name = "Publisher"; Value = "Altium Limited"; VariantName = "[No Variations]"
Added Component: Designator=U2(SSOP-4)
Add component (AddParameter): Name = "Availability"; Value = "In Stock"; VariantName = "[No Variations]"
Add component (AddParameter): Name = "Check_prices"; Value = "https://www.snapeda.com/parts/EL3H7-G/Everlight+Electronics+Co+Ltd/view-part/?ref=eda"; VariantName = "[No Variations]"
Add component (AddParameter): Name = "MF"; Value = "Everlight Electronics"; VariantName = "[No Variations]"
Add component (AddParameter): Name = "MP"; Value = "EL3H7-G"; VariantName = "[No Variations]"
Add component (AddParameter): Name = "Package"; Value = "SSOP-4 Everlight Electronics"; VariantName = "[No Variations]"
Add component (AddParameter): Name = "Price"; Value = "None"; VariantName = "[No Variations]"
Add component (AddParameter): Name = "SnapEDA_Link"; Value = "https://www.snapeda.com/parts/EL3H7-G/Everlight+Electronics+Co+Ltd/view-part/?ref=snap"; VariantName = "[No Variations]"
Add component (AddParameter): Name = "Value"; Value = ""; VariantName = "[No Variations]"
Added Component: Designator=U14(SSOP-4)
Add component (AddParameter): Name = "Availability"; Value = "In Stock"; VariantName = "[No Variations]"
Add component (AddParameter): Name = "Check_prices"; Value = "https://www.snapeda.com/parts/EL3H7-G/Everlight+Electronics+Co+Ltd/view-part/?ref=eda"; VariantName = "[No Variations]"
Add component (AddParameter): Name = "MF"; Value = "Everlight Electronics"; VariantName = "[No Variations]"
Add component (AddParameter): Name = "MP"; Value = "EL3H7-G"; VariantName = "[No Variations]"
Add component (AddParameter): Name = "Package"; Value = "SSOP-4 Everlight Electronics"; VariantName = "[No Variations]"
Add component (AddParameter): Name = "Price"; Value = "None"; VariantName = "[No Variations]"
Add component (AddParameter): Name = "SnapEDA_Link"; Value = "https://www.snapeda.com/parts/EL3H7-G/Everlight+Electronics+Co+Ltd/view-part/?ref=snap"; VariantName = "[No Variations]"
Add component (AddParameter): Name = "Value"; Value = ""; VariantName = "[No Variations]"
Added Component: Designator=U18(SSOP-4)
Add component (AddParameter): Name = "Availability"; Value = "In Stock"; VariantName = "[No Variations]"
Add component (AddParameter): Name = "Check_prices"; Value = "https://www.snapeda.com/parts/EL3H7-G/Everlight+Electronics+Co+Ltd/view-part/?ref=eda"; VariantName = "[No Variations]"
Add component (AddParameter): Name = "MF"; Value = "Everlight Electronics"; VariantName = "[No Variations]"
Add component (AddParameter): Name = "MP"; Value = "EL3H7-G"; VariantName = "[No Variations]"
Add component (AddParameter): Name = "Package"; Value = "SSOP-4 Everlight Electronics"; VariantName = "[No Variations]"
Add component (AddParameter): Name = "Price"; Value = "None"; VariantName = "[No Variations]"
Add component (AddParameter): Name = "SnapEDA_Link"; Value = "https://www.snapeda.com/parts/EL3H7-G/Everlight+Electronics+Co+Ltd/view-part/?ref=snap"; VariantName = "[No Variations]"
Add component (AddParameter): Name = "Value"; Value = ""; VariantName = "[No Variations]"
Added Component: Designator=USB2(USB-M1)
Added Component: Designator=Y(XTAL1170X500X450)
Add component (AddParameter): Name = "Availability"; Value = "Unavailable"; VariantName = "[No Variations]"
Add component (AddParameter): Name = "MF"; Value = "Fox Electronics"; VariantName = "[No Variations]"
Add component (AddParameter): Name = "MP"; Value = "FOXSDLF/128-20/TR"; VariantName = "[No Variations]"
Add component (AddParameter): Name = "Package"; Value = "None"; VariantName = "[No Variations]"
Add component (AddParameter): Name = "Price"; Value = "None"; VariantName = "[No Variations]"
Add component (AddParameter): Name = "SnapEDA_Link"; Value = "https://www.snapeda.com/parts/FOXSDLF/128-20/TR/Fox%20Electronics/view-part/1118363/?ref=snap"; VariantName = "[No Variations]"
Add component (AddParameter): Name = "Value"; Value = ""; VariantName = "[No Variations]"
Added Pin To Net: NetName=3V3_485 Pin=C38-1
Added Pin To Net: NetName=GND Pin=C38-2
Added Pin To Net: NetName=3V3_485 Pin=C74-1
Added Pin To Net: NetName=GND Pin=C74-2
Added Pin To Net: NetName=GND Pin=C75-2
Added Pin To Net: NetName=GND Pin=C76-2
Added Pin To Net: NetName=GND Pin=C87-1
Added Pin To Net: NetName=5V Pin=C87-2
Added Pin To Net: NetName=5V Pin=C88-1
Added Pin To Net: NetName=24V Pin=D1-1
Added Pin To Net: NetName=24V Pin=D6-1
Added Pin To Net: NetName=24V Pin=D12-1
Added Pin To Net: NetName=GND Pin=D14-1
Added Pin To Net: NetName=5V Pin=D14-2
Added Pin To Net: NetName=PA0 Pin=H4-1
Added Pin To Net: NetName=SPI_SCK Pin=H4-2
Added Pin To Net: NetName=SPI_MOSI Pin=H4-3
Added Pin To Net: NetName=SPI_MISO Pin=H4-4
Added Pin To Net: NetName=GND Pin=H4-6
Added Pin To Net: NetName=3V3_MCU_STM Pin=H4-7
Added Pin To Net: NetName=3V3_MCU_STM Pin=H4-8
Added Pin To Net: NetName=GND Pin=H5-1
Added Pin To Net: NetName=5V Pin=H5-2
Added Pin To Net: NetName=I2C2_SDA_STM Pin=H5-3
Added Pin To Net: NetName=I2C2_SCL_STM Pin=H5-4
Added Pin To Net: NetName=NetD13_2 Pin=H25-2
Added Pin To Net: NetName=AIN8 Pin=P4-1
Added Pin To Net: NetName=AIN7 Pin=P4-2
Added Pin To Net: NetName=AIN6 Pin=P4-3
Added Pin To Net: NetName=AIN5 Pin=P4-4
Added Pin To Net: NetName=AGND Pin=P4-5
Added Pin To Net: NetName=NetC109_1 Pin=P4-6
Added Pin To Net: NetName=AGND Pin=P4-7
Added Pin To Net: NetName=NetC104_1 Pin=P4-8
Added Pin To Net: NetName=NetC96_1 Pin=P4-9
Added Pin To Net: NetName=NetC91_2 Pin=P4-10
Added Pin To Net: NetName=i_GND Pin=Q4-1
Added Pin To Net: NetName=i_GND Pin=Q5-1
Added Pin To Net: NetName=i_GND Pin=Q6-1
Added Pin To Net: NetName=24V Pin=Q7-3
Added Pin To Net: NetName=i_GND Pin=Q8-1
Added Pin To Net: NetName=i_GND Pin=Q9-1
Added Pin To Net: NetName=NetD13_2 Pin=Q12-1
Added Pin To Net: NetName=NetL19_1 Pin=R40-1
Added Pin To Net: NetName=NetL20_1 Pin=R50-1
Added Pin To Net: NetName=NetQ10_2 Pin=R51-2
Added Pin To Net: NetName=NetL21_1 Pin=R96-1
Added Pin To Net: NetName=NetQ11_2 Pin=R97-2
Added Pin To Net: NetName=NetL22_1 Pin=R98-1
Added Pin To Net: NetName=NetQ12_2 Pin=R99-2
Added Pin To Net: NetName=NetD13_2 Pin=R103-2
Added Pin To Net: NetName=GND Pin=S1-1
Added Pin To Net: NetName=NetBT1_2 Pin=S1-2
Added Pin To Net: NetName=EN Pin=S2-1
Added Pin To Net: NetName=GND Pin=S2-2
Added Pin To Net: NetName=IO00 Pin=S3-1
Added Pin To Net: NetName=GND Pin=S3-2
Added Pin To Net: NetName=5V Pin=TVS5-2
Added Pin To Net: NetName=USBP Pin=TVS6-2
Added Pin To Net: NetName=USBN Pin=TVS9-2
Added Pin To Net: NetName=DO8 Pin=U1-32
Added Pin To Net: NetName=DO9 Pin=U1-33
Added Pin To Net: NetName=GND Pin=U2-2
Added Pin To Net: NetName=24V Pin=U2-4
Added Pin To Net: NetName=GND Pin=U14-2
Added Pin To Net: NetName=24V Pin=U14-4
Added Pin To Net: NetName=NetR94_2 Pin=U18-1
Added Pin To Net: NetName=GND Pin=U18-2
Added Pin To Net: NetName=NetR97_1 Pin=U18-3
Added Pin To Net: NetName=24V Pin=U18-4
Added Pin To Net: NetName=NetR95_2 Pin=U24-1
Added Pin To Net: NetName=NetR99_1 Pin=U24-3
Added Pin To Net: NetName=GND Pin=U25-1
Added Pin To Net: NetName=UART0_RX_ESP32 Pin=U25-2
Added Pin To Net: NetName=UART0_TX_ESP32 Pin=U25-3
Added Pin To Net: NetName=5V Pin=U25-4
Added Pin To Net: NetName=USBP Pin=U25-5
Added Pin To Net: NetName=USBN Pin=U25-6
Added Pin To Net: NetName=DTR Pin=U25-13
Added Pin To Net: NetName=RTS Pin=U25-14
Added Pin To Net: NetName=5V Pin=U25-16
Added Pin To Net: NetName=5V Pin=USB1-1
Added Pin To Net: NetName=USBN Pin=USB1-2
Added Pin To Net: NetName=USBP Pin=USB1-3
Added Pin To Net: NetName=GND Pin=USB1-5
Added Pin To Net: NetName=GND Pin=USB1-5
Added Pin To Net: NetName=GND Pin=USB1-5
Added Pin To Net: NetName=5V Pin=USB2-1
Added Pin To Net: NetName=USB_N_ESP Pin=USB2-2
Added Pin To Net: NetName=USB_P_ESP Pin=USB2-3
Added Pin To Net: NetName=GND Pin=USB2-5
Added Pin To Net: NetName=GND Pin=USB2-5
Added Pin To Net: NetName=GND Pin=USB2-5
Change Net Name : Old Net Name=DO8 New Net Name=DO6
Change Net Name : Old Net Name=DO9 New Net Name=DO7
Change Net Name : Old Net Name=NetBT1_2 New Net Name=NetC68_2
Added Pin To Net: NetName=DO8 Pin=C75-1
Added Pin To Net: NetName=DO8 Pin=R38-1
Added Pin To Net: NetName=DO8 Pin=R40-2
Added Pin To Net: NetName=DO8 Pin=U1-34
Added Net: Name=DO8
Added Pin To Net: NetName=DO9 Pin=C76-1
Added Pin To Net: NetName=DO9 Pin=R39-1
Added Pin To Net: NetName=DO9 Pin=R50-2
Added Pin To Net: NetName=DO9 Pin=U1-35
Added Net: Name=DO9
Added Pin To Net: NetName=NetC112_1 Pin=C112-1
Added Pin To Net: NetName=NetC112_1 Pin=U25-7
Added Pin To Net: NetName=NetC112_1 Pin=Y-2
Added Net: Name=NetC112_1
Added Pin To Net: NetName=NetC113_1 Pin=C113-1
Added Pin To Net: NetName=NetC113_1 Pin=U25-8
Added Pin To Net: NetName=NetC113_1 Pin=Y-1
Added Net: Name=NetC113_1
Added Pin To Net: NetName=NetD1_2 Pin=D1-2
Added Pin To Net: NetName=NetD1_2 Pin=H25-3
Added Pin To Net: NetName=NetD1_2 Pin=Q7-1
Added Pin To Net: NetName=NetD1_2 Pin=R59-2
Added Net: Name=NetD1_2
Added Pin To Net: NetName=NetD6_2 Pin=D6-2
Added Pin To Net: NetName=NetD6_2 Pin=H25-4
Added Pin To Net: NetName=NetD6_2 Pin=Q10-1
Added Pin To Net: NetName=NetD6_2 Pin=R61-2
Added Net: Name=NetD6_2
Added Pin To Net: NetName=NetD12_2 Pin=D12-2
Added Pin To Net: NetName=NetD12_2 Pin=H25-1
Added Pin To Net: NetName=NetD12_2 Pin=Q11-1
Added Pin To Net: NetName=NetD12_2 Pin=R101-2
Added Net: Name=NetD12_2
Added Pin To Net: NetName=NetQ7_2 Pin=Q7-2
Added Pin To Net: NetName=NetQ7_2 Pin=R41-2
Added Net: Name=NetQ7_2
Added Pin To Net: NetName=NetR38_2 Pin=R38-2
Added Pin To Net: NetName=NetR38_2 Pin=U2-1
Added Net: Name=NetR38_2
Added Pin To Net: NetName=NetR39_2 Pin=R39-2
Added Pin To Net: NetName=NetR39_2 Pin=U14-1
Added Net: Name=NetR39_2
Added Pin To Net: NetName=NetR41_1 Pin=R41-1
Added Pin To Net: NetName=NetR41_1 Pin=R58-2
Added Pin To Net: NetName=NetR41_1 Pin=U2-3
Added Net: Name=NetR41_1
Added Pin To Net: NetName=NetR51_1 Pin=R51-1
Added Pin To Net: NetName=NetR51_1 Pin=R60-2
Added Pin To Net: NetName=NetR51_1 Pin=U14-3
Added Net: Name=NetR51_1
Added Member To Class: ClassName=U_DI Member=Component C12 104
Added Member To Class: ClassName=U_DI Member=Component C37 104
Added Member To Class: ClassName=U_POWER Member=Component C38 10uF
Added Member To Class: ClassName=U_POWER Member=Component C74 104
Added Member To Class: ClassName=U_DO Member=Component C75 104
Added Member To Class: ClassName=U_DO Member=Component C76 104
Added Member To Class: ClassName=U_USB Member=Component C87 104
Added Member To Class: ClassName=U_USB Member=Component C88 104
Added Member To Class: ClassName=U_DO Member=Component D1 1N4007
Added Member To Class: ClassName=U_DO Member=Component D6 1N4007
Added Member To Class: ClassName=U_DO Member=Component D12 1N4007
Added Member To Class: ClassName=U_USB Member=Component D14 SS24
Added Member To Class: ClassName=IoT_Board_ESP32 Member=Component H4 Header 8P 2.54 Duc Thang
Added Member To Class: ClassName=IoT_Board_ESP32 Member=Component H5 LCD
Added Member To Class: ClassName=U_DI Member=Component L11 LED 0805
Added Member To Class: ClassName=U_DI Member=Component L12 LED 0805
Added Member To Class: ClassName=U_DI Member=Component L16 LED 0805
Added Member To Class: ClassName=IoT_Board_ESP32 Member=Component P4 HEADER 10
Added Member To Class: ClassName=U_DO Member=Component Q7 2N222
Added Member To Class: ClassName=U_DI Member=Component R24 4k7
Added Member To Class: ClassName=U_DI Member=Component R26 4k7
Added Member To Class: ClassName=U_DI Member=Component R28 4k7
Added Member To Class: ClassName=U_DI Member=Component R30 4k7
Added Member To Class: ClassName=U_DI Member=Component R42 4k7
Added Member To Class: ClassName=U_DI Member=Component R44 4k7
Added Member To Class: ClassName=IoT_Board_ESP32 Member=Component S1 SW
Added Member To Class: ClassName=U_USB Member=Component S2 SW
Added Member To Class: ClassName=U_USB Member=Component S3 SW
Added Member To Class: ClassName=U_DO Member=Component U2 EL3H7-G
Added Member To Class: ClassName=U_DO Member=Component U14 EL3H7-G
Added Member To Class: ClassName=U_DO Member=Component U18 EL3H7-G
Added Member To Class: ClassName=U_USB Member=Component U25 CH340G
Added Member To Class: ClassName=U_USB Member=Component USB2 USB_M
Added Member To Class: ClassName=U_USB Member=Component Y CRYSTAL_12M
Added Room: Name=U_DI
Added Room: Name=U_POWER
