Change Component Designator: Old Designator=C? New Designator=C112
Change Component Designator: Old Designator=C? New Designator=C113
Change Component Designator: Old Designator=C? New Designator=C114
Change Component Designator: Old Designator=C? New Designator=C115
Change Component Designator: Old Designator=C? New Designator=C116
Change Component Designator: Old Designator=D? New Designator=D1
Change Component Designator: Old Designator=D? New Designator=D2
Change Component Designator: Old Designator=D? New Designator=D11
Change Component Designator: Old Designator=J? New Designator=J1
Change Component Designator: Old Designator=J? New Designator=J3
Change Component Designator: Old Designator=Q? New Designator=Q1
Change Component Designator: Old Designator=Q? New Designator=Q2
Change Component Designator: Old Designator=R? New Designator=R71
Change Component Designator: Old Designator=R? New Designator=R140
Change Component Designator: Old Designator=R? New Designator=R141
Change Component Designator: Old Designator=R? New Designator=R142
Change Component Designator: Old Designator=R? New Designator=R143
Change Component Designator: Old Designator=R? New Designator=R144
Change Component Designator: Old Designator=TVS? New Designator=TVS5
Change Component Designator: Old Designator=TVS? New Designator=TVS6
Change Component Designator: Old Designator=TVS? New Designator=TVS9
Change Component Designator: Old Designator=TVS? New Designator=TVS10
Change Component Designator: Old Designator=TVS? New Designator=TVS11
Change Component Designator: Old Designator=TVS? New Designator=TVS12
Change Component Designator: Old Designator=TVS? New Designator=TVS18
Change Component Designator: Old Designator=TVS? New Designator=TVS19
Change Component Designator: Old Designator=TVS? New Designator=TVS20
Change Component Designator: Old Designator=U? New Designator=U18
Change Component Designator: Old Designator=USB? New Designator=USB1
